0 info it worked if it ends with ok
1 verbose cli [ 'C:\\Program Files\\nodejs\\node.exe',
1 verbose cli   'C:\\Program Files\\nodejs\\node_modules\\npm\\bin\\npm-cli.js',
1 verbose cli   'uninstall',
1 verbose cli   'bootstrap' ]
2 info using npm@3.10.10
3 info using node@v6.9.5
4 silly loadCurrentTree Starting
5 silly install loadCurrentTree
6 silly install readLocalPackageData
7 silly install normalizeTree
8 silly loadCurrentTree Finishing
9 silly loadIdealTree Starting
10 silly install loadIdealTree
11 silly cloneCurrentTree Starting
12 silly install cloneCurrentTreeToIdealTree
13 silly cloneCurrentTree Finishing
14 silly loadShrinkwrap Starting
15 silly install loadShrinkwrap
16 silly loadShrinkwrap Finishing
17 silly loadAllDepsIntoIdealTree Starting
18 silly uninstall loadAllDepsIntoIdealtree
19 silly loadAllDepsIntoIdealTree Finishing
20 silly loadIdealTree Finishing
21 silly currentTree mean-demo@1.0.0
21 silly currentTree +-- abbrev@1.1.0
21 silly currentTree +-- accepts@1.3.3
21 silly currentTree +-- ansi-regex@2.1.1
21 silly currentTree +-- ansi-styles@2.2.1
21 silly currentTree +-- anymatch@1.3.0
21 silly currentTree +-- arr-diff@2.0.0
21 silly currentTree +-- arr-flatten@1.0.3
21 silly currentTree +-- array-flatten@1.1.1
21 silly currentTree +-- array-unique@0.2.1
21 silly currentTree +-- arrify@1.0.1
21 silly currentTree +-- async-each@1.0.1
21 silly currentTree +-- async@2.1.4
21 silly currentTree +-- balanced-match@0.4.2
21 silly currentTree +-- binary-extensions@1.8.0
21 silly currentTree +-- bluebird@2.10.2
21 silly currentTree +-- body-parser@1.17.2
21 silly currentTree +-- bootstrap@3.3.7
21 silly currentTree +-- brace-expansion@1.1.7
21 silly currentTree +-- braces@1.8.5
21 silly currentTree +-- bson@1.0.4
21 silly currentTree +-- buffer-shims@1.0.0
21 silly currentTree +-- bytes@2.4.0
21 silly currentTree +-- chalk@1.1.3
21 silly currentTree +-- chokidar@1.7.0
21 silly currentTree +-- concat-map@0.0.1
21 silly currentTree +-- configstore@1.4.0
21 silly currentTree +-- content-disposition@0.5.2
21 silly currentTree +-- content-type@1.0.2
21 silly currentTree +-- cookie-signature@1.0.6
21 silly currentTree +-- cookie@0.3.1
21 silly currentTree +-- core-util-is@1.0.2
21 silly currentTree +-- debug@2.6.7
21 silly currentTree +-- deep-extend@0.4.2
21 silly currentTree +-- depd@1.1.0
21 silly currentTree +-- destroy@1.0.4
21 silly currentTree +-- duplexer@0.1.1
21 silly currentTree +-- duplexify@3.5.0
21 silly currentTree +-- each-series@1.0.0
21 silly currentTree +-- ee-first@1.1.1
21 silly currentTree +-- encodeurl@1.0.1
21 silly currentTree +-- end-of-stream@1.0.0
21 silly currentTree +-- es6-promise@3.3.1
21 silly currentTree +-- escape-html@1.0.3
21 silly currentTree +-- escape-string-regexp@1.0.5
21 silly currentTree +-- etag@1.8.0
21 silly currentTree +-- event-stream@3.3.4
21 silly currentTree +-- expand-brackets@0.1.5
21 silly currentTree +-- expand-range@1.8.2
21 silly currentTree +-- express@4.15.3
21 silly currentTree +-- extglob@0.3.2
21 silly currentTree +-- filename-regex@2.0.1
21 silly currentTree +-- fill-range@2.2.3
21 silly currentTree +-- finalhandler@1.0.3
21 silly currentTree +-- for-in@1.0.2
21 silly currentTree +-- for-own@0.1.5
21 silly currentTree +-- forwarded@0.1.0
21 silly currentTree +-- fresh@0.5.0
21 silly currentTree +-- from@0.1.7
21 silly currentTree +-- glob-base@0.3.0
21 silly currentTree +-- glob-parent@2.0.0
21 silly currentTree +-- got@3.3.1
21 silly currentTree | `-- object-assign@3.0.0
21 silly currentTree +-- graceful-fs@4.1.11
21 silly currentTree +-- has-ansi@2.0.0
21 silly currentTree +-- hooks-fixed@2.0.0
21 silly currentTree +-- http-errors@1.6.1
21 silly currentTree +-- iconv-lite@0.4.15
21 silly currentTree +-- ignore-by-default@1.0.1
21 silly currentTree +-- imurmurhash@0.1.4
21 silly currentTree +-- infinity-agent@2.0.3
21 silly currentTree +-- inherits@2.0.3
21 silly currentTree +-- ini@1.3.4
21 silly currentTree +-- ipaddr.js@1.3.0
21 silly currentTree +-- is-binary-path@1.0.1
21 silly currentTree +-- is-buffer@1.1.5
21 silly currentTree +-- is-dotfile@1.0.3
21 silly currentTree +-- is-equal-shallow@0.1.3
21 silly currentTree +-- is-extendable@0.1.1
21 silly currentTree +-- is-extglob@1.0.0
21 silly currentTree +-- is-finite@1.0.2
21 silly currentTree +-- is-glob@2.0.1
21 silly currentTree +-- is-npm@1.0.0
21 silly currentTree +-- is-number@2.1.0
21 silly currentTree +-- is-posix-bracket@0.1.1
21 silly currentTree +-- is-primitive@2.0.0
21 silly currentTree +-- is-redirect@1.0.0
21 silly currentTree +-- is-stream@1.1.0
21 silly currentTree +-- isarray@1.0.0
21 silly currentTree +-- isobject@2.1.0
21 silly currentTree +-- kareem@1.4.1
21 silly currentTree +-- kind-of@3.2.2
21 silly currentTree +-- latest-version@1.0.1
21 silly currentTree +-- lodash._baseassign@3.2.0
21 silly currentTree +-- lodash._basecopy@3.0.1
21 silly currentTree +-- lodash._bindcallback@3.0.1
21 silly currentTree +-- lodash._createassigner@3.1.1
21 silly currentTree +-- lodash._getnative@3.9.1
21 silly currentTree +-- lodash._isiterateecall@3.0.9
21 silly currentTree +-- lodash.assign@3.2.0
21 silly currentTree +-- lodash.defaults@3.1.2
21 silly currentTree +-- lodash.isarguments@3.1.0
21 silly currentTree +-- lodash.isarray@3.0.4
21 silly currentTree +-- lodash.keys@3.1.2
21 silly currentTree +-- lodash.restparam@3.6.1
21 silly currentTree +-- lodash@4.17.4
21 silly currentTree +-- lowercase-keys@1.0.0
21 silly currentTree +-- map-stream@0.1.0
21 silly currentTree +-- media-typer@0.3.0
21 silly currentTree +-- merge-descriptors@1.0.1
21 silly currentTree +-- methods@1.1.2
21 silly currentTree +-- micromatch@2.3.11
21 silly currentTree +-- mime-db@1.27.0
21 silly currentTree +-- mime-types@2.1.15
21 silly currentTree +-- mime@1.3.4
21 silly currentTree +-- minimatch@3.0.4
21 silly currentTree +-- minimist@0.0.8
21 silly currentTree +-- mkdirp@0.5.1
21 silly currentTree +-- mongodb-core@2.1.13
21 silly currentTree +-- mongodb@2.2.29
21 silly currentTree | +-- es6-promise@3.2.1
21 silly currentTree | `-- readable-stream@2.2.7
21 silly currentTree +-- mongojs@2.4.0
21 silly currentTree +-- mongoose@4.10.7
21 silly currentTree | +-- es6-promise@3.2.1
21 silly currentTree | +-- mongodb-core@2.1.11
21 silly currentTree | +-- mongodb@2.2.27
21 silly currentTree | `-- readable-stream@2.2.7
21 silly currentTree +-- mpath@0.3.0
21 silly currentTree +-- mpromise@0.5.5
21 silly currentTree +-- mquery@2.3.1
21 silly currentTree | +-- debug@2.6.8
21 silly currentTree | `-- sliced@0.0.5
21 silly currentTree +-- ms@2.0.0
21 silly currentTree +-- muri@1.2.1
21 silly currentTree +-- negotiator@0.6.1
21 silly currentTree +-- nested-error-stacks@1.0.2
21 silly currentTree +-- nodemon@1.11.0
21 silly currentTree +-- nopt@1.0.10
21 silly currentTree +-- normalize-path@2.1.1
21 silly currentTree +-- number-is-nan@1.0.1
21 silly currentTree +-- object-assign@4.1.1
21 silly currentTree +-- object.omit@2.0.1
21 silly currentTree +-- on-finished@2.3.0
21 silly currentTree +-- once@1.3.3
21 silly currentTree +-- os-homedir@1.0.2
21 silly currentTree +-- os-tmpdir@1.0.2
21 silly currentTree +-- osenv@0.1.4
21 silly currentTree +-- package-json@1.2.0
21 silly currentTree +-- parse-glob@3.0.4
21 silly currentTree +-- parse-mongo-url@1.1.1
21 silly currentTree +-- parseurl@1.3.1
21 silly currentTree +-- path-is-absolute@1.0.1
21 silly currentTree +-- path-to-regexp@0.1.7
21 silly currentTree +-- pause-stream@0.0.11
21 silly currentTree +-- pinkie-promise@2.0.1
21 silly currentTree +-- pinkie@2.0.4
21 silly currentTree +-- prepend-http@1.0.4
21 silly currentTree +-- preserve@0.2.0
21 silly currentTree +-- process-nextick-args@1.0.7
21 silly currentTree +-- proxy-addr@1.1.4
21 silly currentTree +-- ps-tree@1.1.0
21 silly currentTree +-- qs@6.4.0
21 silly currentTree +-- randomatic@1.1.6
21 silly currentTree +-- range-parser@1.2.0
21 silly currentTree +-- raw-body@2.2.0
21 silly currentTree +-- rc@1.2.1
21 silly currentTree | `-- minimist@1.2.0
21 silly currentTree +-- read-all-stream@3.1.0
21 silly currentTree +-- readable-stream@2.2.11
21 silly currentTree +-- readdirp@2.1.0
21 silly currentTree +-- regex-cache@0.4.3
21 silly currentTree +-- regexp-clone@0.0.1
21 silly currentTree +-- registry-url@3.1.0
21 silly currentTree +-- remove-trailing-separator@1.0.1
21 silly currentTree +-- repeat-element@1.1.2
21 silly currentTree +-- repeat-string@1.6.1
21 silly currentTree +-- repeating@1.1.3
21 silly currentTree +-- require_optional@1.0.0
21 silly currentTree +-- resolve-from@2.0.0
21 silly currentTree +-- safe-buffer@5.0.1
21 silly currentTree +-- semver-diff@2.1.0
21 silly currentTree +-- semver@5.3.0
21 silly currentTree +-- send@0.15.3
21 silly currentTree +-- serve-static@1.12.3
21 silly currentTree +-- set-immediate-shim@1.0.1
21 silly currentTree +-- setprototypeof@1.0.3
21 silly currentTree +-- sliced@1.0.1
21 silly currentTree +-- slide@1.1.6
21 silly currentTree +-- split@0.3.3
21 silly currentTree +-- statuses@1.3.1
21 silly currentTree +-- stream-combiner@0.0.4
21 silly currentTree +-- stream-shift@1.0.0
21 silly currentTree +-- string_decoder@1.0.2
21 silly currentTree +-- string-length@1.0.1
21 silly currentTree +-- strip-ansi@3.0.1
21 silly currentTree +-- strip-json-comments@2.0.1
21 silly currentTree +-- supports-color@2.0.0
21 silly currentTree +-- through@2.3.8
21 silly currentTree +-- thunky@0.1.0
21 silly currentTree +-- timed-out@2.0.0
21 silly currentTree +-- to-mongodb-core@2.0.0
21 silly currentTree +-- touch@1.0.0
21 silly currentTree +-- type-is@1.6.15
21 silly currentTree +-- undefsafe@0.0.3
21 silly currentTree +-- unpipe@1.0.0
21 silly currentTree +-- update-notifier@0.5.0
21 silly currentTree +-- util-deprecate@1.0.2
21 silly currentTree +-- utils-merge@1.0.0
21 silly currentTree +-- uuid@2.0.3
21 silly currentTree +-- vary@1.1.1
21 silly currentTree +-- wrappy@1.0.2
21 silly currentTree +-- write-file-atomic@1.3.4
21 silly currentTree +-- xdg-basedir@2.0.0
21 silly currentTree `-- xtend@4.0.1
22 silly idealTree mean-demo@1.0.0
22 silly idealTree +-- abbrev@1.1.0
22 silly idealTree +-- accepts@1.3.3
22 silly idealTree +-- ansi-regex@2.1.1
22 silly idealTree +-- ansi-styles@2.2.1
22 silly idealTree +-- anymatch@1.3.0
22 silly idealTree +-- arr-diff@2.0.0
22 silly idealTree +-- arr-flatten@1.0.3
22 silly idealTree +-- array-flatten@1.1.1
22 silly idealTree +-- array-unique@0.2.1
22 silly idealTree +-- arrify@1.0.1
22 silly idealTree +-- async-each@1.0.1
22 silly idealTree +-- async@2.1.4
22 silly idealTree +-- balanced-match@0.4.2
22 silly idealTree +-- binary-extensions@1.8.0
22 silly idealTree +-- bluebird@2.10.2
22 silly idealTree +-- body-parser@1.17.2
22 silly idealTree +-- brace-expansion@1.1.7
22 silly idealTree +-- braces@1.8.5
22 silly idealTree +-- bson@1.0.4
22 silly idealTree +-- buffer-shims@1.0.0
22 silly idealTree +-- bytes@2.4.0
22 silly idealTree +-- chalk@1.1.3
22 silly idealTree +-- chokidar@1.7.0
22 silly idealTree +-- concat-map@0.0.1
22 silly idealTree +-- configstore@1.4.0
22 silly idealTree +-- content-disposition@0.5.2
22 silly idealTree +-- content-type@1.0.2
22 silly idealTree +-- cookie-signature@1.0.6
22 silly idealTree +-- cookie@0.3.1
22 silly idealTree +-- core-util-is@1.0.2
22 silly idealTree +-- debug@2.6.7
22 silly idealTree +-- deep-extend@0.4.2
22 silly idealTree +-- depd@1.1.0
22 silly idealTree +-- destroy@1.0.4
22 silly idealTree +-- duplexer@0.1.1
22 silly idealTree +-- duplexify@3.5.0
22 silly idealTree +-- each-series@1.0.0
22 silly idealTree +-- ee-first@1.1.1
22 silly idealTree +-- encodeurl@1.0.1
22 silly idealTree +-- end-of-stream@1.0.0
22 silly idealTree +-- es6-promise@3.3.1
22 silly idealTree +-- escape-html@1.0.3
22 silly idealTree +-- escape-string-regexp@1.0.5
22 silly idealTree +-- etag@1.8.0
22 silly idealTree +-- event-stream@3.3.4
22 silly idealTree +-- expand-brackets@0.1.5
22 silly idealTree +-- expand-range@1.8.2
22 silly idealTree +-- express@4.15.3
22 silly idealTree +-- extglob@0.3.2
22 silly idealTree +-- filename-regex@2.0.1
22 silly idealTree +-- fill-range@2.2.3
22 silly idealTree +-- finalhandler@1.0.3
22 silly idealTree +-- for-in@1.0.2
22 silly idealTree +-- for-own@0.1.5
22 silly idealTree +-- forwarded@0.1.0
22 silly idealTree +-- fresh@0.5.0
22 silly idealTree +-- from@0.1.7
22 silly idealTree +-- glob-base@0.3.0
22 silly idealTree +-- glob-parent@2.0.0
22 silly idealTree +-- got@3.3.1
22 silly idealTree | `-- object-assign@3.0.0
22 silly idealTree +-- graceful-fs@4.1.11
22 silly idealTree +-- has-ansi@2.0.0
22 silly idealTree +-- hooks-fixed@2.0.0
22 silly idealTree +-- http-errors@1.6.1
22 silly idealTree +-- iconv-lite@0.4.15
22 silly idealTree +-- ignore-by-default@1.0.1
22 silly idealTree +-- imurmurhash@0.1.4
22 silly idealTree +-- infinity-agent@2.0.3
22 silly idealTree +-- inherits@2.0.3
22 silly idealTree +-- ini@1.3.4
22 silly idealTree +-- ipaddr.js@1.3.0
22 silly idealTree +-- is-binary-path@1.0.1
22 silly idealTree +-- is-buffer@1.1.5
22 silly idealTree +-- is-dotfile@1.0.3
22 silly idealTree +-- is-equal-shallow@0.1.3
22 silly idealTree +-- is-extendable@0.1.1
22 silly idealTree +-- is-extglob@1.0.0
22 silly idealTree +-- is-finite@1.0.2
22 silly idealTree +-- is-glob@2.0.1
22 silly idealTree +-- is-npm@1.0.0
22 silly idealTree +-- is-number@2.1.0
22 silly idealTree +-- is-posix-bracket@0.1.1
22 silly idealTree +-- is-primitive@2.0.0
22 silly idealTree +-- is-redirect@1.0.0
22 silly idealTree +-- is-stream@1.1.0
22 silly idealTree +-- isarray@1.0.0
22 silly idealTree +-- isobject@2.1.0
22 silly idealTree +-- kareem@1.4.1
22 silly idealTree +-- kind-of@3.2.2
22 silly idealTree +-- latest-version@1.0.1
22 silly idealTree +-- lodash._baseassign@3.2.0
22 silly idealTree +-- lodash._basecopy@3.0.1
22 silly idealTree +-- lodash._bindcallback@3.0.1
22 silly idealTree +-- lodash._createassigner@3.1.1
22 silly idealTree +-- lodash._getnative@3.9.1
22 silly idealTree +-- lodash._isiterateecall@3.0.9
22 silly idealTree +-- lodash.assign@3.2.0
22 silly idealTree +-- lodash.defaults@3.1.2
22 silly idealTree +-- lodash.isarguments@3.1.0
22 silly idealTree +-- lodash.isarray@3.0.4
22 silly idealTree +-- lodash.keys@3.1.2
22 silly idealTree +-- lodash.restparam@3.6.1
22 silly idealTree +-- lodash@4.17.4
22 silly idealTree +-- lowercase-keys@1.0.0
22 silly idealTree +-- map-stream@0.1.0
22 silly idealTree +-- media-typer@0.3.0
22 silly idealTree +-- merge-descriptors@1.0.1
22 silly idealTree +-- methods@1.1.2
22 silly idealTree +-- micromatch@2.3.11
22 silly idealTree +-- mime-db@1.27.0
22 silly idealTree +-- mime-types@2.1.15
22 silly idealTree +-- mime@1.3.4
22 silly idealTree +-- minimatch@3.0.4
22 silly idealTree +-- minimist@0.0.8
22 silly idealTree +-- mkdirp@0.5.1
22 silly idealTree +-- mongodb-core@2.1.13
22 silly idealTree +-- mongodb@2.2.29
22 silly idealTree | +-- es6-promise@3.2.1
22 silly idealTree | `-- readable-stream@2.2.7
22 silly idealTree +-- mongojs@2.4.0
22 silly idealTree +-- mongoose@4.10.7
22 silly idealTree | +-- es6-promise@3.2.1
22 silly idealTree | +-- mongodb-core@2.1.11
22 silly idealTree | +-- mongodb@2.2.27
22 silly idealTree | `-- readable-stream@2.2.7
22 silly idealTree +-- mpath@0.3.0
22 silly idealTree +-- mpromise@0.5.5
22 silly idealTree +-- mquery@2.3.1
22 silly idealTree | +-- debug@2.6.8
22 silly idealTree | `-- sliced@0.0.5
22 silly idealTree +-- ms@2.0.0
22 silly idealTree +-- muri@1.2.1
22 silly idealTree +-- negotiator@0.6.1
22 silly idealTree +-- nested-error-stacks@1.0.2
22 silly idealTree +-- nodemon@1.11.0
22 silly idealTree +-- nopt@1.0.10
22 silly idealTree +-- normalize-path@2.1.1
22 silly idealTree +-- number-is-nan@1.0.1
22 silly idealTree +-- object-assign@4.1.1
22 silly idealTree +-- object.omit@2.0.1
22 silly idealTree +-- on-finished@2.3.0
22 silly idealTree +-- once@1.3.3
22 silly idealTree +-- os-homedir@1.0.2
22 silly idealTree +-- os-tmpdir@1.0.2
22 silly idealTree +-- osenv@0.1.4
22 silly idealTree +-- package-json@1.2.0
22 silly idealTree +-- parse-glob@3.0.4
22 silly idealTree +-- parse-mongo-url@1.1.1
22 silly idealTree +-- parseurl@1.3.1
22 silly idealTree +-- path-is-absolute@1.0.1
22 silly idealTree +-- path-to-regexp@0.1.7
22 silly idealTree +-- pause-stream@0.0.11
22 silly idealTree +-- pinkie-promise@2.0.1
22 silly idealTree +-- pinkie@2.0.4
22 silly idealTree +-- prepend-http@1.0.4
22 silly idealTree +-- preserve@0.2.0
22 silly idealTree +-- process-nextick-args@1.0.7
22 silly idealTree +-- proxy-addr@1.1.4
22 silly idealTree +-- ps-tree@1.1.0
22 silly idealTree +-- qs@6.4.0
22 silly idealTree +-- randomatic@1.1.6
22 silly idealTree +-- range-parser@1.2.0
22 silly idealTree +-- raw-body@2.2.0
22 silly idealTree +-- rc@1.2.1
22 silly idealTree | `-- minimist@1.2.0
22 silly idealTree +-- read-all-stream@3.1.0
22 silly idealTree +-- readable-stream@2.2.11
22 silly idealTree +-- readdirp@2.1.0
22 silly idealTree +-- regex-cache@0.4.3
22 silly idealTree +-- regexp-clone@0.0.1
22 silly idealTree +-- registry-url@3.1.0
22 silly idealTree +-- remove-trailing-separator@1.0.1
22 silly idealTree +-- repeat-element@1.1.2
22 silly idealTree +-- repeat-string@1.6.1
22 silly idealTree +-- repeating@1.1.3
22 silly idealTree +-- require_optional@1.0.0
22 silly idealTree +-- resolve-from@2.0.0
22 silly idealTree +-- safe-buffer@5.0.1
22 silly idealTree +-- semver-diff@2.1.0
22 silly idealTree +-- semver@5.3.0
22 silly idealTree +-- send@0.15.3
22 silly idealTree +-- serve-static@1.12.3
22 silly idealTree +-- set-immediate-shim@1.0.1
22 silly idealTree +-- setprototypeof@1.0.3
22 silly idealTree +-- sliced@1.0.1
22 silly idealTree +-- slide@1.1.6
22 silly idealTree +-- split@0.3.3
22 silly idealTree +-- statuses@1.3.1
22 silly idealTree +-- stream-combiner@0.0.4
22 silly idealTree +-- stream-shift@1.0.0
22 silly idealTree +-- string_decoder@1.0.2
22 silly idealTree +-- string-length@1.0.1
22 silly idealTree +-- strip-ansi@3.0.1
22 silly idealTree +-- strip-json-comments@2.0.1
22 silly idealTree +-- supports-color@2.0.0
22 silly idealTree +-- through@2.3.8
22 silly idealTree +-- thunky@0.1.0
22 silly idealTree +-- timed-out@2.0.0
22 silly idealTree +-- to-mongodb-core@2.0.0
22 silly idealTree +-- touch@1.0.0
22 silly idealTree +-- type-is@1.6.15
22 silly idealTree +-- undefsafe@0.0.3
22 silly idealTree +-- unpipe@1.0.0
22 silly idealTree +-- update-notifier@0.5.0
22 silly idealTree +-- util-deprecate@1.0.2
22 silly idealTree +-- utils-merge@1.0.0
22 silly idealTree +-- uuid@2.0.3
22 silly idealTree +-- vary@1.1.1
22 silly idealTree +-- wrappy@1.0.2
22 silly idealTree +-- write-file-atomic@1.3.4
22 silly idealTree +-- xdg-basedir@2.0.0
22 silly idealTree `-- xtend@4.0.1
23 silly generateActionsToTake Starting
24 silly install generateActionsToTake
25 silly generateActionsToTake Finishing
26 silly diffTrees action count 1
27 silly diffTrees remove bootstrap@3.3.7
28 silly decomposeActions action count 1
29 silly decomposeActions remove bootstrap@3.3.7
30 silly runTopLevelLifecycles Starting
31 silly executeActions Starting
32 silly install executeActions
33 silly doSerial global-install 0
34 silly doParallel fetch 0
35 verbose correctMkdir C:\Users\gopalap\AppData\Roaming\npm-cache\_locks correctMkdir not in flight; initializing
36 verbose lock using C:\Users\gopalap\AppData\Roaming\npm-cache\_locks\staging-bb4b343fbf3dbd03.lock for F:\mean-demo\node_modules\.staging
37 silly doParallel extract 0
38 silly doParallel preinstall 0
39 silly doReverseSerial remove 1
40 silly remove F:\mean-demo\node_modules\bootstrap
41 verbose unbuild node_modules\bootstrap
42 info lifecycle bootstrap@3.3.7~preuninstall: bootstrap@3.3.7
43 silly lifecycle bootstrap@3.3.7~preuninstall: no script for preuninstall, continuing
44 info lifecycle bootstrap@3.3.7~uninstall: bootstrap@3.3.7
45 silly lifecycle bootstrap@3.3.7~uninstall: no script for uninstall, continuing
46 verbose unbuild rmStuff bootstrap@3.3.7 from F:\mean-demo\node_modules
47 info lifecycle bootstrap@3.3.7~postuninstall: bootstrap@3.3.7
48 silly lifecycle bootstrap@3.3.7~postuninstall: no script for postuninstall, continuing
49 silly gentlyRm F:\mean-demo\node_modules\bootstrap is being purged from base F:\mean-demo
50 verbose gentlyRm don't care about contents; nuking F:\mean-demo\node_modules\bootstrap
51 silly vacuum-fs purging F:\mean-demo\node_modules\bootstrap
52 verbose unlock done using C:\Users\gopalap\AppData\Roaming\npm-cache\_locks\staging-bb4b343fbf3dbd03.lock for F:\mean-demo\node_modules\.staging
53 silly rollbackFailedOptional Starting
54 silly rollbackFailedOptional Finishing
55 silly runTopLevelLifecycles Finishing
56 silly install printInstalled
57 warn mean-demo@1.0.0 No description
58 verbose If you need help, you may report this error at:
58 verbose     <https://github.com/npm/npm/issues>
59 warn mean-demo@1.0.0 No repository field.
60 verbose If you need help, you may report this error at:
60 verbose     <https://github.com/npm/npm/issues>
61 verbose stack Error: EPERM: operation not permitted, unlink 'F:\mean-demo\node_modules\bootstrap\dist'
61 verbose stack     at Error (native)
62 verbose cwd F:\mean-demo
63 error Windows_NT 6.1.7601
64 error argv "C:\\Program Files\\nodejs\\node.exe" "C:\\Program Files\\nodejs\\node_modules\\npm\\bin\\npm-cli.js" "uninstall" "bootstrap"
65 error node v6.9.5
66 error npm  v3.10.10
67 error path F:\mean-demo\node_modules\bootstrap\dist
68 error code EPERM
69 error errno -4048
70 error syscall unlink
71 error Error: EPERM: operation not permitted, unlink 'F:\mean-demo\node_modules\bootstrap\dist'
71 error     at Error (native)
71 error  { Error: EPERM: operation not permitted, unlink 'F:\mean-demo\node_modules\bootstrap\dist'
71 error     at Error (native)
71 error   errno: -4048,
71 error   code: 'EPERM',
71 error   syscall: 'unlink',
71 error   path: 'F:\\mean-demo\\node_modules\\bootstrap\\dist',
71 error   parent: 'mean-demo' }
72 error Please try running this command again as root/Administrator.
73 verbose exit [ -4048, true ]
